<?xml version="1.0" encoding="UTF-8"?>
<!-- Generated by org.testng.reporters.JUnitReportReporter -->
<testsuite hostname="PEMRPK-NB1" failures="0" tests="12" name="com.ipclinical.testcases.PatientCaseTest" time="83.742" errors="0" timestamp="2022-12-17T03:45:23 EST" skipped="0">
  <testcase classname="com.ipclinical.testcases.PatientCaseTest" name="patientCase_TC1a_toValidateFields_PatientCase" time="3.895"/>
  <system-out/>
  <testcase classname="com.ipclinical.testcases.PatientCaseTest" name="patientCase_TC1_toNavigatePatientCase" time="16.841"/>
  <system-out/>
  <testcase classname="com.ipclinical.testcases.PatientCaseTest" name="patientCase_TC2_clickBtnAddPatientCase_PatientCaseModelShouldBeDisplayed" time="0.729"/>
  <system-out/>
  <testcase classname="com.ipclinical.testcases.PatientCaseTest" name="patientCase_TC3_toValidateFields_PatientCaseModel" time="11.481"/>
  <system-out/>
  <testcase classname="com.ipclinical.testcases.PatientCaseTest" name="patientCase_TC5_clickBtnSaveSchudular_withoutPatienSelecting_AlertShouldBeDisplayed" time="0.202"/>
  <system-out/>
  <testcase classname="com.ipclinical.testcases.PatientCaseTest" name="patientCase_TC3a_toValidateMandatoryFields_PatientCaseModel" time="0.651"/>
  <system-out/>
  <testcase classname="com.ipclinical.testcases.PatientCaseTest" name="patientCase_TC4_clickBtnSelectPatient_PatientSearchModelShouldBeDisplayed" time="0.899"/>
  <system-out/>
  <testcase classname="com.ipclinical.testcases.PatientCaseTest" name="patientCase_TC4b_clickBtnSelect_withoutPatienSelecting_AlertShouldBeDisplayed" time="0.094"/>
  <system-out/>
  <testcase classname="com.ipclinical.testcases.PatientCaseTest" name="patientCase_TC4a_toValidateFields_SelectPatientModel" time="3.135"/>
  <system-out/>
  <testcase classname="com.ipclinical.testcases.PatientCaseTest" name="patientCase_TC4c_SelectingPatient_SearchResultShouldAppear_patientShouldBeSelected" time="4.312"/>
  <system-out/>
  <testcase classname="com.ipclinical.testcases.PatientCaseTest" name="patientCase_TC6_clickSaveScheduler_withSelectingPatient_SchulderPageShouldBeDisplayed" time="22.687"/>
  <system-out/>
  <testcase classname="com.ipclinical.testcases.PatientCaseTest" name="patientCase_TC7_clickSave_withSelectingPatient_patientCaseMainWindowShouldBeDisplayed_verifyAddedPatientCase" time="18.816"/>
  <system-out/>
</testsuite> <!-- com.ipclinical.testcases.PatientCaseTest -->
