<?xml version="1.0" encoding="UTF-8"?>
<!-- Generated by org.testng.reporters.JUnitReportReporter -->
<testsuite hostname="PEMRPK-NB1" failures="0" tests="13" name="com.ipclinical.testcases.PatientCaseTest" time="14.904" errors="0" timestamp="2022-12-21T13:05:45 EST" skipped="11">
  <testcase classname="com.ipclinical.testcases.PatientCaseTest" name="patientCase_TC1_toNavigatePatientCase" time="10.370"/>
  <system-out/>
  <testcase classname="com.ipclinical.testcases.PatientCaseTest" name="patientCase_TC1a_toValidateFields_page" time="4.534"/>
  <system-out/>
  <testcase classname="com.ipclinical.testcases.PatientCaseTest" name="patientCase_TC7_TC10_clickSave_withSelectingPatient_patientCaseMainWindowShouldBeDisplayed_verifyAddedPatientCase">
    <skipped/>
  </testcase> <!-- patientCase_TC7_TC10_clickSave_withSelectingPatient_patientCaseMainWindowShouldBeDisplayed_verifyAddedPatientCase -->
  <system-out/>
  <testcase classname="com.ipclinical.testcases.PatientCaseTest" name="patientCase_TC3a_toValidateMandatoryFields_PatientCaseModel">
    <skipped/>
  </testcase> <!-- patientCase_TC3a_toValidateMandatoryFields_PatientCaseModel -->
  <system-out/>
  <testcase classname="com.ipclinical.testcases.PatientCaseTest" name="patientCase_TC3_8_9_toValidateFields_PatientCaseModel">
    <skipped/>
  </testcase> <!-- patientCase_TC3_8_9_toValidateFields_PatientCaseModel -->
  <system-out/>
  <testcase classname="com.ipclinical.testcases.PatientCaseTest" name="patientCase_TC6_clickSaveScheduler_withSelectingPatient_schedulerPageShouldBeDisplayed">
    <skipped/>
  </testcase> <!-- patientCase_TC6_clickSaveScheduler_withSelectingPatient_schedulerPageShouldBeDisplayed -->
  <system-out/>
  <testcase classname="com.ipclinical.testcases.PatientCaseTest" name="patientCase_TC2_clickBtnAddPatientCase_PatientCaseModelShouldBeDisplayed">
    <skipped/>
  </testcase> <!-- patientCase_TC2_clickBtnAddPatientCase_PatientCaseModelShouldBeDisplayed -->
  <system-out/>
  <testcase classname="com.ipclinical.testcases.PatientCaseTest" name="patientCase_TC5_clickBtnSaveSchudular_BtnSave_withoutPatienSelecting_AlertShouldBeDisplayed">
    <skipped/>
  </testcase> <!-- patientCase_TC5_clickBtnSaveSchudular_BtnSave_withoutPatienSelecting_AlertShouldBeDisplayed -->
  <system-out/>
  <testcase classname="com.ipclinical.testcases.PatientCaseTest" name="patientCase_TC11_selectTypeAsRefund_patientCaseShouldbeDisplayedIn_refundColumnInClinicalInbox_againstSelectedProvider">
    <skipped/>
  </testcase> <!-- patientCase_TC11_selectTypeAsRefund_patientCaseShouldbeDisplayedIn_refundColumnInClinicalInbox_againstSelectedProvider -->
  <system-out/>
  <testcase classname="com.ipclinical.testcases.PatientCaseTest" name="patientCase_TC4_clickBtnSelectPatient_PatientSearchModelShouldBeDisplayed">
    <skipped/>
  </testcase> <!-- patientCase_TC4_clickBtnSelectPatient_PatientSearchModelShouldBeDisplayed -->
  <system-out/>
  <testcase classname="com.ipclinical.testcases.PatientCaseTest" name="patientCase_TC4b_clickBtnSave_withoutPatienSelecting_AlertShouldBeDisplayed">
    <skipped/>
  </testcase> <!-- patientCase_TC4b_clickBtnSave_withoutPatienSelecting_AlertShouldBeDisplayed -->
  <system-out/>
  <testcase classname="com.ipclinical.testcases.PatientCaseTest" name="patientCase_TC4c_SelectingPatient_SearchResultShouldAppear_patientShouldBeSelected">
    <skipped/>
  </testcase> <!-- patientCase_TC4c_SelectingPatient_SearchResultShouldAppear_patientShouldBeSelected -->
  <system-out/>
  <testcase classname="com.ipclinical.testcases.PatientCaseTest" name="patientCase_TC4a_toValidateFields_SelectPatientModel">
    <skipped/>
  </testcase> <!-- patientCase_TC4a_toValidateFields_SelectPatientModel -->
  <system-out/>
</testsuite> <!-- com.ipclinical.testcases.PatientCaseTest -->
