<?xml version="1.0" encoding="UTF-8"?>
<!-- Generated by org.testng.reporters.JUnitReportReporter -->
<testsuite hostname="DESKTOP-9NDP6NK" failures="0" tests="147" name="com.ipclinical.testcases.PracticeMate2" time="4605.692" errors="0" timestamp="2023-06-21T07:43:35 PKT" skipped="0">
  <testcase classname="com.ipclinical.testcases.PracticeMate2" name="loginTest2" time="27.944"/>
  <system-out/>
  <testcase classname="com.ipclinical.testcases.PracticeMate2" name="loginTest2" time="28.914"/>
  <system-out/>
  <testcase classname="com.ipclinical.testcases.PracticeMate2" name="loginTest2" time="28.992"/>
  <system-out/>
  <testcase classname="com.ipclinical.testcases.PracticeMate2" name="loginTest2" time="29.937"/>
  <system-out/>
  <testcase classname="com.ipclinical.testcases.PracticeMate2" name="loginTest2" time="26.700"/>
  <system-out/>
  <testcase classname="com.ipclinical.testcases.PracticeMate2" name="loginTest2" time="29.197"/>
  <system-out/>
  <testcase classname="com.ipclinical.testcases.PracticeMate2" name="loginTest2" time="27.745"/>
  <system-out/>
  <testcase classname="com.ipclinical.testcases.PracticeMate2" name="loginTest2" time="29.634"/>
  <system-out/>
  <testcase classname="com.ipclinical.testcases.PracticeMate2" name="loginTest2" time="31.723"/>
  <system-out/>
  <testcase classname="com.ipclinical.testcases.PracticeMate2" name="loginTest2" time="30.496"/>
  <system-out/>
  <testcase classname="com.ipclinical.testcases.PracticeMate2" name="loginTest2" time="30.332"/>
  <system-out/>
  <testcase classname="com.ipclinical.testcases.PracticeMate2" name="loginTest2" time="29.795"/>
  <system-out/>
  <testcase classname="com.ipclinical.testcases.PracticeMate2" name="loginTest2" time="34.171"/>
  <system-out/>
  <testcase classname="com.ipclinical.testcases.PracticeMate2" name="loginTest2" time="28.860"/>
  <system-out/>
  <testcase classname="com.ipclinical.testcases.PracticeMate2" name="loginTest2" time="30.450"/>
  <system-out/>
  <testcase classname="com.ipclinical.testcases.PracticeMate2" name="loginTest2" time="27.801"/>
  <system-out/>
  <testcase classname="com.ipclinical.testcases.PracticeMate2" name="loginTest2" time="28.706"/>
  <system-out/>
  <testcase classname="com.ipclinical.testcases.PracticeMate2" name="loginTest2" time="29.268"/>
  <system-out/>
  <testcase classname="com.ipclinical.testcases.PracticeMate2" name="loginTest2" time="27.954"/>
  <system-out/>
  <testcase classname="com.ipclinical.testcases.PracticeMate2" name="loginTest2" time="27.471"/>
  <system-out/>
  <testcase classname="com.ipclinical.testcases.PracticeMate2" name="loginTest2" time="30.162"/>
  <system-out/>
  <testcase classname="com.ipclinical.testcases.PracticeMate2" name="loginTest2" time="28.281"/>
  <system-out/>
  <testcase classname="com.ipclinical.testcases.PracticeMate2" name="loginTest2" time="36.265"/>
  <system-out/>
  <testcase classname="com.ipclinical.testcases.PracticeMate2" name="loginTest2" time="67.147"/>
  <system-out/>
  <testcase classname="com.ipclinical.testcases.PracticeMate2" name="loginTest2" time="29.919"/>
  <system-out/>
  <testcase classname="com.ipclinical.testcases.PracticeMate2" name="loginTest2" time="30.675"/>
  <system-out/>
  <testcase classname="com.ipclinical.testcases.PracticeMate2" name="loginTest2" time="28.625"/>
  <system-out/>
  <testcase classname="com.ipclinical.testcases.PracticeMate2" name="loginTest2" time="35.137"/>
  <system-out/>
  <testcase classname="com.ipclinical.testcases.PracticeMate2" name="loginTest2" time="28.680"/>
  <system-out/>
  <testcase classname="com.ipclinical.testcases.PracticeMate2" name="loginTest2" time="27.279"/>
  <system-out/>
  <testcase classname="com.ipclinical.testcases.PracticeMate2" name="loginTest2" time="27.961"/>
  <system-out/>
  <testcase classname="com.ipclinical.testcases.PracticeMate2" name="loginTest2" time="28.775"/>
  <system-out/>
  <testcase classname="com.ipclinical.testcases.PracticeMate2" name="loginTest2" time="50.695"/>
  <system-out/>
  <testcase classname="com.ipclinical.testcases.PracticeMate2" name="loginTest2" time="28.273"/>
  <system-out/>
  <testcase classname="com.ipclinical.testcases.PracticeMate2" name="loginTest2" time="34.632"/>
  <system-out/>
  <testcase classname="com.ipclinical.testcases.PracticeMate2" name="loginTest2" time="33.863"/>
  <system-out/>
  <testcase classname="com.ipclinical.testcases.PracticeMate2" name="loginTest2" time="29.102"/>
  <system-out/>
  <testcase classname="com.ipclinical.testcases.PracticeMate2" name="loginTest2" time="35.545"/>
  <system-out/>
  <testcase classname="com.ipclinical.testcases.PracticeMate2" name="loginTest2" time="33.268"/>
  <system-out/>
  <testcase classname="com.ipclinical.testcases.PracticeMate2" name="loginTest2" time="27.490"/>
  <system-out/>
  <testcase classname="com.ipclinical.testcases.PracticeMate2" name="loginTest2" time="29.387"/>
  <system-out/>
  <testcase classname="com.ipclinical.testcases.PracticeMate2" name="loginTest2" time="29.050"/>
  <system-out/>
  <testcase classname="com.ipclinical.testcases.PracticeMate2" name="loginTest2" time="30.408"/>
  <system-out/>
  <testcase classname="com.ipclinical.testcases.PracticeMate2" name="loginTest2" time="29.089"/>
  <system-out/>
  <testcase classname="com.ipclinical.testcases.PracticeMate2" name="loginTest2" time="27.320"/>
  <system-out/>
  <testcase classname="com.ipclinical.testcases.PracticeMate2" name="loginTest2" time="29.763"/>
  <system-out/>
  <testcase classname="com.ipclinical.testcases.PracticeMate2" name="loginTest2" time="31.422"/>
  <system-out/>
  <testcase classname="com.ipclinical.testcases.PracticeMate2" name="loginTest2" time="33.272"/>
  <system-out/>
  <testcase classname="com.ipclinical.testcases.PracticeMate2" name="loginTest2" time="27.465"/>
  <system-out/>
  <testcase classname="com.ipclinical.testcases.PracticeMate2" name="loginTest2" time="28.432"/>
  <system-out/>
  <testcase classname="com.ipclinical.testcases.PracticeMate2" name="loginTest2" time="28.743"/>
  <system-out/>
  <testcase classname="com.ipclinical.testcases.PracticeMate2" name="loginTest2" time="33.532"/>
  <system-out/>
  <testcase classname="com.ipclinical.testcases.PracticeMate2" name="loginTest2" time="30.217"/>
  <system-out/>
  <testcase classname="com.ipclinical.testcases.PracticeMate2" name="loginTest2" time="28.445"/>
  <system-out/>
  <testcase classname="com.ipclinical.testcases.PracticeMate2" name="loginTest2" time="29.155"/>
  <system-out/>
  <testcase classname="com.ipclinical.testcases.PracticeMate2" name="loginTest2" time="27.947"/>
  <system-out/>
  <testcase classname="com.ipclinical.testcases.PracticeMate2" name="loginTest2" time="28.184"/>
  <system-out/>
  <testcase classname="com.ipclinical.testcases.PracticeMate2" name="loginTest2" time="28.429"/>
  <system-out/>
  <testcase classname="com.ipclinical.testcases.PracticeMate2" name="loginTest2" time="27.939"/>
  <system-out/>
  <testcase classname="com.ipclinical.testcases.PracticeMate2" name="loginTest2" time="29.037"/>
  <system-out/>
  <testcase classname="com.ipclinical.testcases.PracticeMate2" name="loginTest2" time="29.462"/>
  <system-out/>
  <testcase classname="com.ipclinical.testcases.PracticeMate2" name="loginTest2" time="28.829"/>
  <system-out/>
  <testcase classname="com.ipclinical.testcases.PracticeMate2" name="loginTest2" time="33.538"/>
  <system-out/>
  <testcase classname="com.ipclinical.testcases.PracticeMate2" name="loginTest2" time="29.211"/>
  <system-out/>
  <testcase classname="com.ipclinical.testcases.PracticeMate2" name="loginTest2" time="27.809"/>
  <system-out/>
  <testcase classname="com.ipclinical.testcases.PracticeMate2" name="loginTest2" time="28.551"/>
  <system-out/>
  <testcase classname="com.ipclinical.testcases.PracticeMate2" name="loginTest2" time="29.681"/>
  <system-out/>
  <testcase classname="com.ipclinical.testcases.PracticeMate2" name="loginTest2" time="38.656"/>
  <system-out/>
  <testcase classname="com.ipclinical.testcases.PracticeMate2" name="loginTest2" time="29.370"/>
  <system-out/>
  <testcase classname="com.ipclinical.testcases.PracticeMate2" name="loginTest2" time="25.659"/>
  <system-out/>
  <testcase classname="com.ipclinical.testcases.PracticeMate2" name="loginTest2" time="29.094"/>
  <system-out/>
  <testcase classname="com.ipclinical.testcases.PracticeMate2" name="loginTest2" time="29.820"/>
  <system-out/>
  <testcase classname="com.ipclinical.testcases.PracticeMate2" name="loginTest2" time="27.276"/>
  <system-out/>
  <testcase classname="com.ipclinical.testcases.PracticeMate2" name="loginTest2" time="32.597"/>
  <system-out/>
  <testcase classname="com.ipclinical.testcases.PracticeMate2" name="loginTest2" time="29.091"/>
  <system-out/>
  <testcase classname="com.ipclinical.testcases.PracticeMate2" name="loginTest2" time="28.152"/>
  <system-out/>
  <testcase classname="com.ipclinical.testcases.PracticeMate2" name="loginTest2" time="26.699"/>
  <system-out/>
  <testcase classname="com.ipclinical.testcases.PracticeMate2" name="loginTest2" time="27.943"/>
  <system-out/>
  <testcase classname="com.ipclinical.testcases.PracticeMate2" name="loginTest2" time="31.664"/>
  <system-out/>
  <testcase classname="com.ipclinical.testcases.PracticeMate2" name="loginTest2" time="29.807"/>
  <system-out/>
  <testcase classname="com.ipclinical.testcases.PracticeMate2" name="loginTest2" time="29.273"/>
  <system-out/>
  <testcase classname="com.ipclinical.testcases.PracticeMate2" name="loginTest2" time="27.173"/>
  <system-out/>
  <testcase classname="com.ipclinical.testcases.PracticeMate2" name="loginTest2" time="17.804"/>
  <system-out/>
  <testcase classname="com.ipclinical.testcases.PracticeMate2" name="loginTest2" time="47.305"/>
  <system-out/>
  <testcase classname="com.ipclinical.testcases.PracticeMate2" name="loginTest2" time="29.738"/>
  <system-out/>
  <testcase classname="com.ipclinical.testcases.PracticeMate2" name="loginTest2" time="30.600"/>
  <system-out/>
  <testcase classname="com.ipclinical.testcases.PracticeMate2" name="loginTest2" time="28.866"/>
  <system-out/>
  <testcase classname="com.ipclinical.testcases.PracticeMate2" name="loginTest2" time="45.939"/>
  <system-out/>
  <testcase classname="com.ipclinical.testcases.PracticeMate2" name="loginTest2" time="27.476"/>
  <system-out/>
  <testcase classname="com.ipclinical.testcases.PracticeMate2" name="loginTest2" time="49.485"/>
  <system-out/>
  <testcase classname="com.ipclinical.testcases.PracticeMate2" name="loginTest2" time="31.028"/>
  <system-out/>
  <testcase classname="com.ipclinical.testcases.PracticeMate2" name="loginTest2" time="27.735"/>
  <system-out/>
  <testcase classname="com.ipclinical.testcases.PracticeMate2" name="loginTest2" time="28.210"/>
  <system-out/>
  <testcase classname="com.ipclinical.testcases.PracticeMate2" name="loginTest2" time="27.332"/>
  <system-out/>
  <testcase classname="com.ipclinical.testcases.PracticeMate2" name="loginTest2" time="30.564"/>
  <system-out/>
  <testcase classname="com.ipclinical.testcases.PracticeMate2" name="loginTest2" time="29.881"/>
  <system-out/>
  <testcase classname="com.ipclinical.testcases.PracticeMate2" name="loginTest2" time="28.328"/>
  <system-out/>
  <testcase classname="com.ipclinical.testcases.PracticeMate2" name="loginTest2" time="31.341"/>
  <system-out/>
  <testcase classname="com.ipclinical.testcases.PracticeMate2" name="loginTest2" time="28.251"/>
  <system-out/>
  <testcase classname="com.ipclinical.testcases.PracticeMate2" name="loginTest2" time="29.200"/>
  <system-out/>
  <testcase classname="com.ipclinical.testcases.PracticeMate2" name="loginTest2" time="29.391"/>
  <system-out/>
  <testcase classname="com.ipclinical.testcases.PracticeMate2" name="loginTest2" time="34.831"/>
  <system-out/>
  <testcase classname="com.ipclinical.testcases.PracticeMate2" name="loginTest2" time="28.775"/>
  <system-out/>
  <testcase classname="com.ipclinical.testcases.PracticeMate2" name="loginTest2" time="27.708"/>
  <system-out/>
  <testcase classname="com.ipclinical.testcases.PracticeMate2" name="loginTest2" time="33.819"/>
  <system-out/>
  <testcase classname="com.ipclinical.testcases.PracticeMate2" name="loginTest2" time="31.628"/>
  <system-out/>
  <testcase classname="com.ipclinical.testcases.PracticeMate2" name="loginTest2" time="28.580"/>
  <system-out/>
  <testcase classname="com.ipclinical.testcases.PracticeMate2" name="loginTest2" time="32.898"/>
  <system-out/>
  <testcase classname="com.ipclinical.testcases.PracticeMate2" name="loginTest2" time="28.071"/>
  <system-out/>
  <testcase classname="com.ipclinical.testcases.PracticeMate2" name="loginTest2" time="35.234"/>
  <system-out/>
  <testcase classname="com.ipclinical.testcases.PracticeMate2" name="loginTest2" time="30.299"/>
  <system-out/>
  <testcase classname="com.ipclinical.testcases.PracticeMate2" name="loginTest2" time="27.539"/>
  <system-out/>
  <testcase classname="com.ipclinical.testcases.PracticeMate2" name="loginTest2" time="28.145"/>
  <system-out/>
  <testcase classname="com.ipclinical.testcases.PracticeMate2" name="loginTest2" time="28.574"/>
  <system-out/>
  <testcase classname="com.ipclinical.testcases.PracticeMate2" name="loginTest2" time="29.417"/>
  <system-out/>
  <testcase classname="com.ipclinical.testcases.PracticeMate2" name="loginTest2" time="34.960"/>
  <system-out/>
  <testcase classname="com.ipclinical.testcases.PracticeMate2" name="loginTest2" time="30.072"/>
  <system-out/>
  <testcase classname="com.ipclinical.testcases.PracticeMate2" name="loginTest2" time="28.476"/>
  <system-out/>
  <testcase classname="com.ipclinical.testcases.PracticeMate2" name="loginTest2" time="41.173"/>
  <system-out/>
  <testcase classname="com.ipclinical.testcases.PracticeMate2" name="loginTest2" time="29.436"/>
  <system-out/>
  <testcase classname="com.ipclinical.testcases.PracticeMate2" name="loginTest2" time="29.208"/>
  <system-out/>
  <testcase classname="com.ipclinical.testcases.PracticeMate2" name="loginTest2" time="29.355"/>
  <system-out/>
  <testcase classname="com.ipclinical.testcases.PracticeMate2" name="loginTest2" time="30.014"/>
  <system-out/>
  <testcase classname="com.ipclinical.testcases.PracticeMate2" name="loginTest2" time="32.599"/>
  <system-out/>
  <testcase classname="com.ipclinical.testcases.PracticeMate2" name="loginTest2" time="25.960"/>
  <system-out/>
  <testcase classname="com.ipclinical.testcases.PracticeMate2" name="loginTest2" time="50.419"/>
  <system-out/>
  <testcase classname="com.ipclinical.testcases.PracticeMate2" name="loginTest2" time="29.561"/>
  <system-out/>
  <testcase classname="com.ipclinical.testcases.PracticeMate2" name="loginTest2" time="50.936"/>
  <system-out/>
  <testcase classname="com.ipclinical.testcases.PracticeMate2" name="loginTest2" time="26.283"/>
  <system-out/>
  <testcase classname="com.ipclinical.testcases.PracticeMate2" name="loginTest2" time="27.456"/>
  <system-out/>
  <testcase classname="com.ipclinical.testcases.PracticeMate2" name="loginTest2" time="26.279"/>
  <system-out/>
  <testcase classname="com.ipclinical.testcases.PracticeMate2" name="loginTest2" time="30.341"/>
  <system-out/>
  <testcase classname="com.ipclinical.testcases.PracticeMate2" name="loginTest2" time="28.680"/>
  <system-out/>
  <testcase classname="com.ipclinical.testcases.PracticeMate2" name="loginTest2" time="52.966"/>
  <system-out/>
  <testcase classname="com.ipclinical.testcases.PracticeMate2" name="loginTest2" time="28.473"/>
  <system-out/>
  <testcase classname="com.ipclinical.testcases.PracticeMate2" name="loginTest2" time="27.568"/>
  <system-out/>
  <testcase classname="com.ipclinical.testcases.PracticeMate2" name="loginTest2" time="30.611"/>
  <system-out/>
  <testcase classname="com.ipclinical.testcases.PracticeMate2" name="loginTest2" time="31.016"/>
  <system-out/>
  <testcase classname="com.ipclinical.testcases.PracticeMate2" name="loginTest2" time="29.415"/>
  <system-out/>
  <testcase classname="com.ipclinical.testcases.PracticeMate2" name="loginTest2" time="28.360"/>
  <system-out/>
  <testcase classname="com.ipclinical.testcases.PracticeMate2" name="loginTest2" time="33.338"/>
  <system-out/>
  <testcase classname="com.ipclinical.testcases.PracticeMate2" name="loginTest2" time="29.196"/>
  <system-out/>
  <testcase classname="com.ipclinical.testcases.PracticeMate2" name="loginTest2" time="30.018"/>
  <system-out/>
  <testcase classname="com.ipclinical.testcases.PracticeMate2" name="loginTest2" time="52.445"/>
  <system-out/>
  <testcase classname="com.ipclinical.testcases.PracticeMate2" name="loginTest2" time="47.962"/>
  <system-out/>
  <testcase classname="com.ipclinical.testcases.PracticeMate2" name="loginTest2" time="29.077"/>
  <system-out/>
  <testcase classname="com.ipclinical.testcases.PracticeMate2" name="loginTest2" time="55.592"/>
  <system-out/>
</testsuite> <!-- com.ipclinical.testcases.PracticeMate2 -->
