<?xml version="1.0" encoding="UTF-8"?>
<!-- Generated by org.testng.reporters.JUnitReportReporter -->
<testsuite hostname="DESKTOP-9NDP6NK" failures="0" tests="44" name="com.ipclinical.testcases.PracticeMate" time="37.449" errors="1" timestamp="2023-06-22T11:24:53 PKT" skipped="43">
  <testcase classname="com.ipclinical.testcases.PracticeMate" name="loginTest1" time="0.000">
    <skipped/>
  </testcase> <!-- loginTest1 -->
  <system-out/>
  <testcase classname="com.ipclinical.testcases.PracticeMate" name="setup" time="37.445">
    <error message="no such element: Unable to locate element: {&quot;method&quot;:&quot;css selector&quot;,&quot;selector&quot;:&quot;#password&quot;}
  (Session info: chrome=114.0.5735.134)
For documentation on this error, please visit: https://selenium.dev/exceptions/#no_such_element
Build info: version: &#039;4.9.1&#039;, revision: &#039;eb2032df7f&#039;
System info: os.name: &#039;Windows 10&#039;, os.arch: &#039;amd64&#039;, os.version: &#039;10.0&#039;, java.version: &#039;15.0.1&#039;
Driver info: org.openqa.selenium.chrome.ChromeDriver
Command: [0a617792f95539472573cd8322f2cc5f, findElement {using=id, value=password}]
Capabilities {acceptInsecureCerts: false, browserName: chrome, browserVersion: 114.0.5735.134, chrome: {chromedriverVersion: 114.0.5735.90 (386bc09e8f4f..., userDataDir: C:\Users\USMANA~1\AppData\L...}, goog:chromeOptions: {debuggerAddress: localhost:50508}, networkConnectionEnabled: false, pageLoadStrategy: normal, platformName: windows, proxy: Proxy(), se:cdp: ws://localhost:50508/devtoo..., se:cdpVersion: 114.0.5735.134, setWindowRect: true, strictFileInteractability: false, timeouts: {implicit: 0, pageLoad: 300000, script: 30000}, unhandledPromptBehavior: dismiss and notify, webauthn:extension:credBlob: true, webauthn:extension:largeBlob: true, webauthn:extension:minPinLength: true, webauthn:extension:prf: true, webauthn:virtualAuthenticators: true}
Session ID: 0a617792f95539472573cd8322f2cc5f" type="org.openqa.selenium.NoSuchElementException">
      <![CDATA[org.openqa.selenium.NoSuchElementException: no such element: Unable to locate element: {"method":"css selector","selector":"#password"}
  (Session info: chrome=114.0.5735.134)
For documentation on this error, please visit: https://selenium.dev/exceptions/#no_such_element
Build info: version: '4.9.1', revision: 'eb2032df7f'
System info: os.name: 'Windows 10', os.arch: 'amd64', os.version: '10.0', java.version: '15.0.1'
Driver info: org.openqa.selenium.chrome.ChromeDriver
Command: [0a617792f95539472573cd8322f2cc5f, findElement {using=id, value=password}]
Capabilities {acceptInsecureCerts: false, browserName: chrome, browserVersion: 114.0.5735.134, chrome: {chromedriverVersion: 114.0.5735.90 (386bc09e8f4f..., userDataDir: C:\Users\USMANA~1\AppData\L...}, goog:chromeOptions: {debuggerAddress: localhost:50508}, networkConnectionEnabled: false, pageLoadStrategy: normal, platformName: windows, proxy: Proxy(), se:cdp: ws://localhost:50508/devtoo..., se:cdpVersion: 114.0.5735.134, setWindowRect: true, strictFileInteractability: false, timeouts: {implicit: 0, pageLoad: 300000, script: 30000}, unhandledPromptBehavior: dismiss and notify, webauthn:extension:credBlob: true, webauthn:extension:largeBlob: true, webauthn:extension:minPinLength: true, webauthn:extension:prf: true, webauthn:virtualAuthenticators: true}
Session ID: 0a617792f95539472573cd8322f2cc5f
at java.base/jdk.internal.reflect.NativeConstructorAccessorImpl.newInstance0(Native Method)
at java.base/jdk.internal.reflect.NativeConstructorAccessorImpl.newInstance(NativeConstructorAccessorImpl.java:64)
at java.base/jdk.internal.reflect.DelegatingConstructorAccessorImpl.newInstance(DelegatingConstructorAccessorImpl.java:45)
at java.base/java.lang.reflect.Constructor.newInstanceWithCaller(Constructor.java:500)
at java.base/java.lang.reflect.Constructor.newInstance(Constructor.java:481)
at org.openqa.selenium.remote.codec.w3c.W3CHttpResponseCodec.createException(W3CHttpResponseCodec.java:200)
at org.openqa.selenium.remote.codec.w3c.W3CHttpResponseCodec.decode(W3CHttpResponseCodec.java:133)
at org.openqa.selenium.remote.codec.w3c.W3CHttpResponseCodec.decode(W3CHttpResponseCodec.java:53)
at org.openqa.selenium.remote.HttpCommandExecutor.execute(HttpCommandExecutor.java:193)
at org.openqa.selenium.remote.service.DriverCommandExecutor.invokeExecute(DriverCommandExecutor.java:183)
at org.openqa.selenium.remote.service.DriverCommandExecutor.execute(DriverCommandExecutor.java:158)
at org.openqa.selenium.remote.RemoteWebDriver.execute(RemoteWebDriver.java:543)
at org.openqa.selenium.remote.ElementLocation$ElementFinder$2.findElement(ElementLocation.java:162)
at org.openqa.selenium.remote.ElementLocation.findElement(ElementLocation.java:60)
at org.openqa.selenium.remote.RemoteWebDriver.findElement(RemoteWebDriver.java:352)
at org.openqa.selenium.remote.RemoteWebDriver.findElement(RemoteWebDriver.java:344)
at org.openqa.selenium.support.pagefactory.DefaultElementLocator.findElement(DefaultElementLocator.java:70)
at org.openqa.selenium.support.pagefactory.internal.LocatingElementHandler.invoke(LocatingElementHandler.java:39)
at com.sun.proxy.$Proxy21.submit(Unknown Source)
at com.ipclinical.pageobjects.LoginPage.login(LoginPage.java:134)
at com.ipclinical.testcases.PracticeMate.setup(PracticeMate.java:61)
at java.base/jdk.internal.reflect.NativeMethodAccessorImpl.invoke0(Native Method)
at java.base/jdk.internal.reflect.NativeMethodAccessorImpl.invoke(NativeMethodAccessorImpl.java:64)
at java.base/jdk.internal.reflect.DelegatingMethodAccessorImpl.invoke(DelegatingMethodAccessorImpl.java:43)
at java.base/java.lang.reflect.Method.invoke(Method.java:564)
at org.testng.internal.invokers.MethodInvocationHelper.invokeMethod(MethodInvocationHelper.java:139)
at org.testng.internal.invokers.MethodInvocationHelper.invokeMethodConsideringTimeout(MethodInvocationHelper.java:69)
at org.testng.internal.invokers.ConfigInvoker.invokeConfigurationMethod(ConfigInvoker.java:361)
at org.testng.internal.invokers.ConfigInvoker.invokeConfigurations(ConfigInvoker.java:296)
at org.testng.internal.invokers.TestMethodWorker.invokeBeforeClassMethods(TestMethodWorker.java:180)
at org.testng.internal.invokers.TestMethodWorker.run(TestMethodWorker.java:122)
at java.base/java.util.concurrent.ThreadPoolExecutor.runWorker(ThreadPoolExecutor.java:1130)
at java.base/java.util.concurrent.ThreadPoolExecutor$Worker.run(ThreadPoolExecutor.java:630)
at java.base/java.lang.Thread.run(Thread.java:832)
]]>
    </error>
  </testcase> <!-- setup -->
  <system-out/>
  <testcase classname="com.ipclinical.testcases.PracticeMate" name="loginTest1" time="0.000">
    <skipped/>
  </testcase> <!-- loginTest1 -->
  <system-out/>
  <testcase classname="com.ipclinical.testcases.PracticeMate" name="loginTest1" time="0.000">
    <skipped/>
  </testcase> <!-- loginTest1 -->
  <system-out/>
  <testcase classname="com.ipclinical.testcases.PracticeMate" name="loginTest1" time="0.000">
    <skipped/>
  </testcase> <!-- loginTest1 -->
  <system-out/>
  <testcase classname="com.ipclinical.testcases.PracticeMate" name="loginTest1" time="0.000">
    <skipped/>
  </testcase> <!-- loginTest1 -->
  <system-out/>
  <testcase classname="com.ipclinical.testcases.PracticeMate" name="loginTest1" time="0.000">
    <skipped/>
  </testcase> <!-- loginTest1 -->
  <system-out/>
  <testcase classname="com.ipclinical.testcases.PracticeMate" name="loginTest1" time="0.000">
    <skipped/>
  </testcase> <!-- loginTest1 -->
  <system-out/>
  <testcase classname="com.ipclinical.testcases.PracticeMate" name="loginTest1" time="0.000">
    <skipped/>
  </testcase> <!-- loginTest1 -->
  <system-out/>
  <testcase classname="com.ipclinical.testcases.PracticeMate" name="loginTest1" time="0.001">
    <skipped/>
  </testcase> <!-- loginTest1 -->
  <system-out/>
  <testcase classname="com.ipclinical.testcases.PracticeMate" name="loginTest1" time="0.000">
    <skipped/>
  </testcase> <!-- loginTest1 -->
  <system-out/>
  <testcase classname="com.ipclinical.testcases.PracticeMate" name="loginTest1" time="0.000">
    <skipped/>
  </testcase> <!-- loginTest1 -->
  <system-out/>
  <testcase classname="com.ipclinical.testcases.PracticeMate" name="loginTest1" time="0.000">
    <skipped/>
  </testcase> <!-- loginTest1 -->
  <system-out/>
  <testcase classname="com.ipclinical.testcases.PracticeMate" name="loginTest1" time="0.000">
    <skipped/>
  </testcase> <!-- loginTest1 -->
  <system-out/>
  <testcase classname="com.ipclinical.testcases.PracticeMate" name="loginTest1" time="0.000">
    <skipped/>
  </testcase> <!-- loginTest1 -->
  <system-out/>
  <testcase classname="com.ipclinical.testcases.PracticeMate" name="loginTest1" time="0.001">
    <skipped/>
  </testcase> <!-- loginTest1 -->
  <system-out/>
  <testcase classname="com.ipclinical.testcases.PracticeMate" name="loginTest1" time="0.000">
    <skipped/>
  </testcase> <!-- loginTest1 -->
  <system-out/>
  <testcase classname="com.ipclinical.testcases.PracticeMate" name="loginTest1" time="0.000">
    <skipped/>
  </testcase> <!-- loginTest1 -->
  <system-out/>
  <testcase classname="com.ipclinical.testcases.PracticeMate" name="loginTest1" time="0.000">
    <skipped/>
  </testcase> <!-- loginTest1 -->
  <system-out/>
  <testcase classname="com.ipclinical.testcases.PracticeMate" name="loginTest1" time="0.000">
    <skipped/>
  </testcase> <!-- loginTest1 -->
  <system-out/>
  <testcase classname="com.ipclinical.testcases.PracticeMate" name="loginTest1" time="0.000">
    <skipped/>
  </testcase> <!-- loginTest1 -->
  <system-out/>
  <testcase classname="com.ipclinical.testcases.PracticeMate" name="loginTest1" time="0.000">
    <skipped/>
  </testcase> <!-- loginTest1 -->
  <system-out/>
  <testcase classname="com.ipclinical.testcases.PracticeMate" name="loginTest1" time="0.000">
    <skipped/>
  </testcase> <!-- loginTest1 -->
  <system-out/>
  <testcase classname="com.ipclinical.testcases.PracticeMate" name="loginTest1" time="0.000">
    <skipped/>
  </testcase> <!-- loginTest1 -->
  <system-out/>
  <testcase classname="com.ipclinical.testcases.PracticeMate" name="loginTest1" time="0.000">
    <skipped/>
  </testcase> <!-- loginTest1 -->
  <system-out/>
  <testcase classname="com.ipclinical.testcases.PracticeMate" name="loginTest1" time="0.000">
    <skipped/>
  </testcase> <!-- loginTest1 -->
  <system-out/>
  <testcase classname="com.ipclinical.testcases.PracticeMate" name="loginTest1" time="0.001">
    <skipped/>
  </testcase> <!-- loginTest1 -->
  <system-out/>
  <testcase classname="com.ipclinical.testcases.PracticeMate" name="loginTest1" time="0.000">
    <skipped/>
  </testcase> <!-- loginTest1 -->
  <system-out/>
  <testcase classname="com.ipclinical.testcases.PracticeMate" name="loginTest1" time="0.000">
    <skipped/>
  </testcase> <!-- loginTest1 -->
  <system-out/>
  <testcase classname="com.ipclinical.testcases.PracticeMate" name="loginTest1" time="0.000">
    <skipped/>
  </testcase> <!-- loginTest1 -->
  <system-out/>
  <testcase classname="com.ipclinical.testcases.PracticeMate" name="loginTest1" time="0.000">
    <skipped/>
  </testcase> <!-- loginTest1 -->
  <system-out/>
  <testcase classname="com.ipclinical.testcases.PracticeMate" name="loginTest1" time="0.000">
    <skipped/>
  </testcase> <!-- loginTest1 -->
  <system-out/>
  <testcase classname="com.ipclinical.testcases.PracticeMate" name="loginTest1" time="0.000">
    <skipped/>
  </testcase> <!-- loginTest1 -->
  <system-out/>
  <testcase classname="com.ipclinical.testcases.PracticeMate" name="loginTest1" time="0.000">
    <skipped/>
  </testcase> <!-- loginTest1 -->
  <system-out/>
  <testcase classname="com.ipclinical.testcases.PracticeMate" name="loginTest1" time="0.000">
    <skipped/>
  </testcase> <!-- loginTest1 -->
  <system-out/>
  <testcase classname="com.ipclinical.testcases.PracticeMate" name="loginTest1" time="0.000">
    <skipped/>
  </testcase> <!-- loginTest1 -->
  <system-out/>
  <testcase classname="com.ipclinical.testcases.PracticeMate" name="loginTest1" time="0.000">
    <skipped/>
  </testcase> <!-- loginTest1 -->
  <system-out/>
  <testcase classname="com.ipclinical.testcases.PracticeMate" name="loginTest1" time="0.000">
    <skipped/>
  </testcase> <!-- loginTest1 -->
  <system-out/>
  <testcase classname="com.ipclinical.testcases.PracticeMate" name="loginTest1" time="0.000">
    <skipped/>
  </testcase> <!-- loginTest1 -->
  <system-out/>
  <testcase classname="com.ipclinical.testcases.PracticeMate" name="loginTest1" time="0.001">
    <skipped/>
  </testcase> <!-- loginTest1 -->
  <system-out/>
  <testcase classname="com.ipclinical.testcases.PracticeMate" name="loginTest1" time="0.000">
    <skipped/>
  </testcase> <!-- loginTest1 -->
  <system-out/>
  <testcase classname="com.ipclinical.testcases.PracticeMate" name="loginTest1" time="0.000">
    <skipped/>
  </testcase> <!-- loginTest1 -->
  <system-out/>
  <testcase classname="com.ipclinical.testcases.PracticeMate" name="loginTest1" time="0.000">
    <skipped/>
  </testcase> <!-- loginTest1 -->
  <system-out/>
  <testcase classname="com.ipclinical.testcases.PracticeMate" name="loginTest1" time="0.000">
    <skipped/>
  </testcase> <!-- loginTest1 -->
  <system-out/>
</testsuite> <!-- com.ipclinical.testcases.PracticeMate -->
