<?xml version="1.0" encoding="UTF-8"?>
<!-- Generated by org.testng.reporters.JUnitReportReporter -->
<testsuite hostname="PEMRPK-NB1" failures="0" tests="1" name="com.ipclinical.testcases.LoginPageTest" time="14.534" errors="0" timestamp="2022-12-07T10:05:09 EST" skipped="0">
  <testcase classname="com.ipclinical.testcases.LoginPageTest" name="loginTest" time="14.534"/>
  <system-out/>
</testsuite> <!-- com.ipclinical.testcases.LoginPageTest -->
