<?xml version="1.0" encoding="UTF-8"?>
<!-- Generated by org.testng.reporters.JUnitReportReporter -->
<testsuite hostname="DESKTOP-9NDP6NK" failures="0" tests="168" name="com.ipclinical.testcases.LoginPageTest" time="4765.305" errors="0" timestamp="2023-06-21T07:43:35 PKT" skipped="0">
  <testcase classname="com.ipclinical.testcases.LoginPageTest" name="loginTest1" time="14.709"/>
  <system-out/>
  <testcase classname="com.ipclinical.testcases.LoginPageTest" name="loginTest1" time="27.359"/>
  <system-out/>
  <testcase classname="com.ipclinical.testcases.LoginPageTest" name="loginTest1" time="26.692"/>
  <system-out/>
  <testcase classname="com.ipclinical.testcases.LoginPageTest" name="loginTest1" time="29.158"/>
  <system-out/>
  <testcase classname="com.ipclinical.testcases.LoginPageTest" name="loginTest1" time="28.292"/>
  <system-out/>
  <testcase classname="com.ipclinical.testcases.LoginPageTest" name="loginTest1" time="27.902"/>
  <system-out/>
  <testcase classname="com.ipclinical.testcases.LoginPageTest" name="loginTest1" time="29.281"/>
  <system-out/>
  <testcase classname="com.ipclinical.testcases.LoginPageTest" name="loginTest1" time="29.197"/>
  <system-out/>
  <testcase classname="com.ipclinical.testcases.LoginPageTest" name="loginTest1" time="29.407"/>
  <system-out/>
  <testcase classname="com.ipclinical.testcases.LoginPageTest" name="loginTest1" time="26.802"/>
  <system-out/>
  <testcase classname="com.ipclinical.testcases.LoginPageTest" name="loginTest1" time="28.789"/>
  <system-out/>
  <testcase classname="com.ipclinical.testcases.LoginPageTest" name="loginTest1" time="16.917"/>
  <system-out/>
  <testcase classname="com.ipclinical.testcases.LoginPageTest" name="loginTest1" time="40.607"/>
  <system-out/>
  <testcase classname="com.ipclinical.testcases.LoginPageTest" name="loginTest1" time="27.462"/>
  <system-out/>
  <testcase classname="com.ipclinical.testcases.LoginPageTest" name="loginTest1" time="26.143"/>
  <system-out/>
  <testcase classname="com.ipclinical.testcases.LoginPageTest" name="loginTest1" time="30.012"/>
  <system-out/>
  <testcase classname="com.ipclinical.testcases.LoginPageTest" name="loginTest1" time="28.665"/>
  <system-out/>
  <testcase classname="com.ipclinical.testcases.LoginPageTest" name="loginTest1" time="26.392"/>
  <system-out/>
  <testcase classname="com.ipclinical.testcases.LoginPageTest" name="loginTest1" time="29.226"/>
  <system-out/>
  <testcase classname="com.ipclinical.testcases.LoginPageTest" name="loginTest1" time="29.616"/>
  <system-out/>
  <testcase classname="com.ipclinical.testcases.LoginPageTest" name="loginTest1" time="26.258"/>
  <system-out/>
  <testcase classname="com.ipclinical.testcases.LoginPageTest" name="loginTest1" time="26.531"/>
  <system-out/>
  <testcase classname="com.ipclinical.testcases.LoginPageTest" name="loginTest1" time="28.921"/>
  <system-out/>
  <testcase classname="com.ipclinical.testcases.LoginPageTest" name="loginTest1" time="29.496"/>
  <system-out/>
  <testcase classname="com.ipclinical.testcases.LoginPageTest" name="loginTest1" time="29.292"/>
  <system-out/>
  <testcase classname="com.ipclinical.testcases.LoginPageTest" name="loginTest1" time="27.323"/>
  <system-out/>
  <testcase classname="com.ipclinical.testcases.LoginPageTest" name="loginTest1" time="27.130"/>
  <system-out/>
  <testcase classname="com.ipclinical.testcases.LoginPageTest" name="loginTest1" time="15.939"/>
  <system-out/>
  <testcase classname="com.ipclinical.testcases.LoginPageTest" name="loginTest1" time="25.679"/>
  <system-out/>
  <testcase classname="com.ipclinical.testcases.LoginPageTest" name="loginTest1" time="30.070"/>
  <system-out/>
  <testcase classname="com.ipclinical.testcases.LoginPageTest" name="loginTest1" time="29.380"/>
  <system-out/>
  <testcase classname="com.ipclinical.testcases.LoginPageTest" name="loginTest1" time="29.549"/>
  <system-out/>
  <testcase classname="com.ipclinical.testcases.LoginPageTest" name="loginTest1" time="27.869"/>
  <system-out/>
  <testcase classname="com.ipclinical.testcases.LoginPageTest" name="loginTest1" time="27.143"/>
  <system-out/>
  <testcase classname="com.ipclinical.testcases.LoginPageTest" name="loginTest1" time="46.176"/>
  <system-out/>
  <testcase classname="com.ipclinical.testcases.LoginPageTest" name="loginTest1" time="28.229"/>
  <system-out/>
  <testcase classname="com.ipclinical.testcases.LoginPageTest" name="loginTest1" time="50.747"/>
  <system-out/>
  <testcase classname="com.ipclinical.testcases.LoginPageTest" name="loginTest1" time="28.132"/>
  <system-out/>
  <testcase classname="com.ipclinical.testcases.LoginPageTest" name="loginTest1" time="29.194"/>
  <system-out/>
  <testcase classname="com.ipclinical.testcases.LoginPageTest" name="loginTest1" time="26.065"/>
  <system-out/>
  <testcase classname="com.ipclinical.testcases.LoginPageTest" name="loginTest1" time="27.863"/>
  <system-out/>
  <testcase classname="com.ipclinical.testcases.LoginPageTest" name="loginTest1" time="35.919"/>
  <system-out/>
  <testcase classname="com.ipclinical.testcases.LoginPageTest" name="loginTest1" time="30.035"/>
  <system-out/>
  <testcase classname="com.ipclinical.testcases.LoginPageTest" name="loginTest1" time="32.303"/>
  <system-out/>
  <testcase classname="com.ipclinical.testcases.LoginPageTest" name="loginTest1" time="25.165"/>
  <system-out/>
  <testcase classname="com.ipclinical.testcases.LoginPageTest" name="loginTest1" time="29.534"/>
  <system-out/>
  <testcase classname="com.ipclinical.testcases.LoginPageTest" name="loginTest1" time="29.134"/>
  <system-out/>
  <testcase classname="com.ipclinical.testcases.LoginPageTest" name="loginTest1" time="60.829"/>
  <system-out/>
  <testcase classname="com.ipclinical.testcases.LoginPageTest" name="loginTest1" time="31.113"/>
  <system-out/>
  <testcase classname="com.ipclinical.testcases.LoginPageTest" name="loginTest1" time="28.293"/>
  <system-out/>
  <testcase classname="com.ipclinical.testcases.LoginPageTest" name="loginTest1" time="32.464"/>
  <system-out/>
  <testcase classname="com.ipclinical.testcases.LoginPageTest" name="loginTest1" time="28.694"/>
  <system-out/>
  <testcase classname="com.ipclinical.testcases.LoginPageTest" name="loginTest1" time="27.635"/>
  <system-out/>
  <testcase classname="com.ipclinical.testcases.LoginPageTest" name="loginTest1" time="27.275"/>
  <system-out/>
  <testcase classname="com.ipclinical.testcases.LoginPageTest" name="loginTest1" time="28.026"/>
  <system-out/>
  <testcase classname="com.ipclinical.testcases.LoginPageTest" name="loginTest1" time="14.638"/>
  <system-out/>
  <testcase classname="com.ipclinical.testcases.LoginPageTest" name="loginTest1" time="28.597"/>
  <system-out/>
  <testcase classname="com.ipclinical.testcases.LoginPageTest" name="loginTest1" time="28.416"/>
  <system-out/>
  <testcase classname="com.ipclinical.testcases.LoginPageTest" name="loginTest1" time="48.021"/>
  <system-out/>
  <testcase classname="com.ipclinical.testcases.LoginPageTest" name="loginTest1" time="26.747"/>
  <system-out/>
  <testcase classname="com.ipclinical.testcases.LoginPageTest" name="loginTest1" time="29.015"/>
  <system-out/>
  <testcase classname="com.ipclinical.testcases.LoginPageTest" name="loginTest1" time="27.406"/>
  <system-out/>
  <testcase classname="com.ipclinical.testcases.LoginPageTest" name="loginTest1" time="14.645"/>
  <system-out/>
  <testcase classname="com.ipclinical.testcases.LoginPageTest" name="loginTest1" time="34.868"/>
  <system-out/>
  <testcase classname="com.ipclinical.testcases.LoginPageTest" name="loginTest1" time="29.203"/>
  <system-out/>
  <testcase classname="com.ipclinical.testcases.LoginPageTest" name="loginTest1" time="26.489"/>
  <system-out/>
  <testcase classname="com.ipclinical.testcases.LoginPageTest" name="loginTest1" time="28.666"/>
  <system-out/>
  <testcase classname="com.ipclinical.testcases.LoginPageTest" name="loginTest1" time="19.298"/>
  <system-out/>
  <testcase classname="com.ipclinical.testcases.LoginPageTest" name="loginTest1" time="35.004"/>
  <system-out/>
  <testcase classname="com.ipclinical.testcases.LoginPageTest" name="loginTest1" time="31.298"/>
  <system-out/>
  <testcase classname="com.ipclinical.testcases.LoginPageTest" name="loginTest1" time="49.092"/>
  <system-out/>
  <testcase classname="com.ipclinical.testcases.LoginPageTest" name="loginTest1" time="16.424"/>
  <system-out/>
  <testcase classname="com.ipclinical.testcases.LoginPageTest" name="loginTest1" time="15.941"/>
  <system-out/>
  <testcase classname="com.ipclinical.testcases.LoginPageTest" name="loginTest1" time="29.600"/>
  <system-out/>
  <testcase classname="com.ipclinical.testcases.LoginPageTest" name="loginTest1" time="29.066"/>
  <system-out/>
  <testcase classname="com.ipclinical.testcases.LoginPageTest" name="loginTest1" time="26.647"/>
  <system-out/>
  <testcase classname="com.ipclinical.testcases.LoginPageTest" name="loginTest1" time="27.804"/>
  <system-out/>
  <testcase classname="com.ipclinical.testcases.LoginPageTest" name="loginTest1" time="19.902"/>
  <system-out/>
  <testcase classname="com.ipclinical.testcases.LoginPageTest" name="loginTest1" time="36.245"/>
  <system-out/>
  <testcase classname="com.ipclinical.testcases.LoginPageTest" name="loginTest1" time="30.821"/>
  <system-out/>
  <testcase classname="com.ipclinical.testcases.LoginPageTest" name="loginTest1" time="29.329"/>
  <system-out/>
  <testcase classname="com.ipclinical.testcases.LoginPageTest" name="loginTest1" time="28.364"/>
  <system-out/>
  <testcase classname="com.ipclinical.testcases.LoginPageTest" name="loginTest1" time="28.152"/>
  <system-out/>
  <testcase classname="com.ipclinical.testcases.LoginPageTest" name="loginTest1" time="25.608"/>
  <system-out/>
  <testcase classname="com.ipclinical.testcases.LoginPageTest" name="loginTest1" time="29.333"/>
  <system-out/>
  <testcase classname="com.ipclinical.testcases.LoginPageTest" name="loginTest1" time="32.046"/>
  <system-out/>
  <testcase classname="com.ipclinical.testcases.LoginPageTest" name="loginTest1" time="30.115"/>
  <system-out/>
  <testcase classname="com.ipclinical.testcases.LoginPageTest" name="loginTest1" time="39.562"/>
  <system-out/>
  <testcase classname="com.ipclinical.testcases.LoginPageTest" name="loginTest1" time="26.834"/>
  <system-out/>
  <testcase classname="com.ipclinical.testcases.LoginPageTest" name="loginTest1" time="16.801"/>
  <system-out/>
  <testcase classname="com.ipclinical.testcases.LoginPageTest" name="loginTest1" time="25.946"/>
  <system-out/>
  <testcase classname="com.ipclinical.testcases.LoginPageTest" name="loginTest1" time="33.475"/>
  <system-out/>
  <testcase classname="com.ipclinical.testcases.LoginPageTest" name="loginTest1" time="27.471"/>
  <system-out/>
  <testcase classname="com.ipclinical.testcases.LoginPageTest" name="loginTest1" time="39.675"/>
  <system-out/>
  <testcase classname="com.ipclinical.testcases.LoginPageTest" name="loginTest1" time="30.173"/>
  <system-out/>
  <testcase classname="com.ipclinical.testcases.LoginPageTest" name="loginTest1" time="26.747"/>
  <system-out/>
  <testcase classname="com.ipclinical.testcases.LoginPageTest" name="loginTest1" time="32.756"/>
  <system-out/>
  <testcase classname="com.ipclinical.testcases.LoginPageTest" name="loginTest1" time="32.488"/>
  <system-out/>
  <testcase classname="com.ipclinical.testcases.LoginPageTest" name="loginTest1" time="29.909"/>
  <system-out/>
  <testcase classname="com.ipclinical.testcases.LoginPageTest" name="loginTest1" time="15.245"/>
  <system-out/>
  <testcase classname="com.ipclinical.testcases.LoginPageTest" name="loginTest1" time="29.984"/>
  <system-out/>
  <testcase classname="com.ipclinical.testcases.LoginPageTest" name="loginTest1" time="15.932"/>
  <system-out/>
  <testcase classname="com.ipclinical.testcases.LoginPageTest" name="loginTest1" time="26.883"/>
  <system-out/>
  <testcase classname="com.ipclinical.testcases.LoginPageTest" name="loginTest1" time="29.168"/>
  <system-out/>
  <testcase classname="com.ipclinical.testcases.LoginPageTest" name="loginTest1" time="29.252"/>
  <system-out/>
  <testcase classname="com.ipclinical.testcases.LoginPageTest" name="loginTest1" time="28.571"/>
  <system-out/>
  <testcase classname="com.ipclinical.testcases.LoginPageTest" name="loginTest1" time="30.358"/>
  <system-out/>
  <testcase classname="com.ipclinical.testcases.LoginPageTest" name="loginTest1" time="29.427"/>
  <system-out/>
  <testcase classname="com.ipclinical.testcases.LoginPageTest" name="loginTest1" time="28.394"/>
  <system-out/>
  <testcase classname="com.ipclinical.testcases.LoginPageTest" name="loginTest1" time="18.634"/>
  <system-out/>
  <testcase classname="com.ipclinical.testcases.LoginPageTest" name="loginTest1" time="28.327"/>
  <system-out/>
  <testcase classname="com.ipclinical.testcases.LoginPageTest" name="loginTest1" time="27.671"/>
  <system-out/>
  <testcase classname="com.ipclinical.testcases.LoginPageTest" name="loginTest1" time="31.899"/>
  <system-out/>
  <testcase classname="com.ipclinical.testcases.LoginPageTest" name="loginTest1" time="26.191"/>
  <system-out/>
  <testcase classname="com.ipclinical.testcases.LoginPageTest" name="loginTest1" time="28.827"/>
  <system-out/>
  <testcase classname="com.ipclinical.testcases.LoginPageTest" name="loginTest1" time="28.117"/>
  <system-out/>
  <testcase classname="com.ipclinical.testcases.LoginPageTest" name="loginTest1" time="32.221"/>
  <system-out/>
  <testcase classname="com.ipclinical.testcases.LoginPageTest" name="loginTest1" time="31.605"/>
  <system-out/>
  <testcase classname="com.ipclinical.testcases.LoginPageTest" name="loginTest1" time="27.938"/>
  <system-out/>
  <testcase classname="com.ipclinical.testcases.LoginPageTest" name="loginTest1" time="26.556"/>
  <system-out/>
  <testcase classname="com.ipclinical.testcases.LoginPageTest" name="loginTest1" time="29.735"/>
  <system-out/>
  <testcase classname="com.ipclinical.testcases.LoginPageTest" name="loginTest1" time="27.497"/>
  <system-out/>
  <testcase classname="com.ipclinical.testcases.LoginPageTest" name="loginTest1" time="27.246"/>
  <system-out/>
  <testcase classname="com.ipclinical.testcases.LoginPageTest" name="loginTest1" time="28.340"/>
  <system-out/>
  <testcase classname="com.ipclinical.testcases.LoginPageTest" name="loginTest1" time="17.578"/>
  <system-out/>
  <testcase classname="com.ipclinical.testcases.LoginPageTest" name="loginTest1" time="30.379"/>
  <system-out/>
  <testcase classname="com.ipclinical.testcases.LoginPageTest" name="loginTest1" time="27.973"/>
  <system-out/>
  <testcase classname="com.ipclinical.testcases.LoginPageTest" name="loginTest1" time="35.054"/>
  <system-out/>
  <testcase classname="com.ipclinical.testcases.LoginPageTest" name="loginTest1" time="27.873"/>
  <system-out/>
  <testcase classname="com.ipclinical.testcases.LoginPageTest" name="loginTest1" time="14.808"/>
  <system-out/>
  <testcase classname="com.ipclinical.testcases.LoginPageTest" name="loginTest1" time="16.293"/>
  <system-out/>
  <testcase classname="com.ipclinical.testcases.LoginPageTest" name="loginTest1" time="15.649"/>
  <system-out/>
  <testcase classname="com.ipclinical.testcases.LoginPageTest" name="loginTest1" time="16.146"/>
  <system-out/>
  <testcase classname="com.ipclinical.testcases.LoginPageTest" name="loginTest1" time="20.310"/>
  <system-out/>
  <testcase classname="com.ipclinical.testcases.LoginPageTest" name="loginTest1" time="30.384"/>
  <system-out/>
  <testcase classname="com.ipclinical.testcases.LoginPageTest" name="loginTest1" time="28.811"/>
  <system-out/>
  <testcase classname="com.ipclinical.testcases.LoginPageTest" name="loginTest1" time="28.777"/>
  <system-out/>
  <testcase classname="com.ipclinical.testcases.LoginPageTest" name="loginTest1" time="30.846"/>
  <system-out/>
  <testcase classname="com.ipclinical.testcases.LoginPageTest" name="loginTest1" time="27.665"/>
  <system-out/>
  <testcase classname="com.ipclinical.testcases.LoginPageTest" name="loginTest1" time="27.917"/>
  <system-out/>
  <testcase classname="com.ipclinical.testcases.LoginPageTest" name="loginTest1" time="30.857"/>
  <system-out/>
  <testcase classname="com.ipclinical.testcases.LoginPageTest" name="loginTest1" time="26.414"/>
  <system-out/>
  <testcase classname="com.ipclinical.testcases.LoginPageTest" name="loginTest1" time="29.487"/>
  <system-out/>
  <testcase classname="com.ipclinical.testcases.LoginPageTest" name="loginTest1" time="28.501"/>
  <system-out/>
  <testcase classname="com.ipclinical.testcases.LoginPageTest" name="loginTest1" time="29.441"/>
  <system-out/>
  <testcase classname="com.ipclinical.testcases.LoginPageTest" name="loginTest1" time="28.765"/>
  <system-out/>
  <testcase classname="com.ipclinical.testcases.LoginPageTest" name="loginTest1" time="28.740"/>
  <system-out/>
  <testcase classname="com.ipclinical.testcases.LoginPageTest" name="loginTest1" time="29.954"/>
  <system-out/>
  <testcase classname="com.ipclinical.testcases.LoginPageTest" name="loginTest1" time="27.756"/>
  <system-out/>
  <testcase classname="com.ipclinical.testcases.LoginPageTest" name="loginTest1" time="24.811"/>
  <system-out/>
  <testcase classname="com.ipclinical.testcases.LoginPageTest" name="loginTest1" time="30.050"/>
  <system-out/>
  <testcase classname="com.ipclinical.testcases.LoginPageTest" name="loginTest1" time="15.521"/>
  <system-out/>
  <testcase classname="com.ipclinical.testcases.LoginPageTest" name="loginTest1" time="27.967"/>
  <system-out/>
  <testcase classname="com.ipclinical.testcases.LoginPageTest" name="loginTest1" time="29.059"/>
  <system-out/>
  <testcase classname="com.ipclinical.testcases.LoginPageTest" name="loginTest1" time="16.484"/>
  <system-out/>
  <testcase classname="com.ipclinical.testcases.LoginPageTest" name="loginTest1" time="27.811"/>
  <system-out/>
  <testcase classname="com.ipclinical.testcases.LoginPageTest" name="loginTest1" time="38.644"/>
  <system-out/>
  <testcase classname="com.ipclinical.testcases.LoginPageTest" name="loginTest1" time="16.270"/>
  <system-out/>
  <testcase classname="com.ipclinical.testcases.LoginPageTest" name="loginTest1" time="28.821"/>
  <system-out/>
  <testcase classname="com.ipclinical.testcases.LoginPageTest" name="loginTest1" time="27.613"/>
  <system-out/>
  <testcase classname="com.ipclinical.testcases.LoginPageTest" name="loginTest1" time="29.934"/>
  <system-out/>
  <testcase classname="com.ipclinical.testcases.LoginPageTest" name="loginTest1" time="48.613"/>
  <system-out/>
  <testcase classname="com.ipclinical.testcases.LoginPageTest" name="loginTest1" time="27.868"/>
  <system-out/>
  <testcase classname="com.ipclinical.testcases.LoginPageTest" name="loginTest1" time="27.509"/>
  <system-out/>
  <testcase classname="com.ipclinical.testcases.LoginPageTest" name="loginTest1" time="37.227"/>
  <system-out/>
  <testcase classname="com.ipclinical.testcases.LoginPageTest" name="loginTest1" time="28.858"/>
  <system-out/>
  <testcase classname="com.ipclinical.testcases.LoginPageTest" name="loginTest1" time="28.840"/>
  <system-out/>
  <testcase classname="com.ipclinical.testcases.LoginPageTest" name="loginTest1" time="28.339"/>
  <system-out/>
</testsuite> <!-- com.ipclinical.testcases.LoginPageTest -->
