<?xml version="1.0" encoding="UTF-8"?>
<!-- Generated by org.testng.reporters.JUnitReportReporter -->
<testsuite hostname="DESKTOP-9NDP6NK" failures="0" tests="22" name="com.ipclinical.testcases.PatientCaseTest" time="1.725" errors="1" timestamp="2023-05-19T01:15:47 PKT" skipped="21">
  <testcase classname="com.ipclinical.testcases.PatientCaseTest" name="setup" time="1.724">
    <error message="Unable to establish websocket connection to http://localhost:64431/devtools/browser/fb2337a8-d923-4c27-8e6d-d1681f72ba9d
Build info: version: &#039;4.6.0&#039;, revision: &#039;79f1c02ae20&#039;
System info: os.name: &#039;Windows 10&#039;, os.arch: &#039;amd64&#039;, os.version: &#039;10.0&#039;, java.version: &#039;15.0.1&#039;
Driver info: driver.version: ChromeDriver" type="org.openqa.selenium.remote.http.ConnectionFailedException">
      <![CDATA[org.openqa.selenium.remote.http.ConnectionFailedException: Unable to establish websocket connection to http://localhost:64431/devtools/browser/fb2337a8-d923-4c27-8e6d-d1681f72ba9d
Build info: version: '4.6.0', revision: '79f1c02ae20'
System info: os.name: 'Windows 10', os.arch: 'amd64', os.version: '10.0', java.version: '15.0.1'
Driver info: driver.version: ChromeDriver
at org.openqa.selenium.remote.http.netty.NettyWebSocket.<init>(NettyWebSocket.java:102)
at org.openqa.selenium.remote.http.netty.NettyWebSocket.lambda$create$3(NettyWebSocket.java:128)
at org.openqa.selenium.remote.http.netty.NettyClient.openSocket(NettyClient.java:107)
at org.openqa.selenium.devtools.Connection.<init>(Connection.java:77)
at org.openqa.selenium.chromium.ChromiumDriver.lambda$new$2(ChromiumDriver.java:116)
at java.base/java.util.Optional.map(Optional.java:258)
at org.openqa.selenium.chromium.ChromiumDriver.<init>(ChromiumDriver.java:114)
at org.openqa.selenium.chrome.ChromeDriver.<init>(ChromeDriver.java:81)
at org.openqa.selenium.chrome.ChromeDriver.<init>(ChromeDriver.java:49)
at com.ipclinical.base.BaseClass.launchApp(BaseClass.java:84)
at com.ipclinical.testcases.PatientCaseTest.setup(PatientCaseTest.java:52)
at java.base/jdk.internal.reflect.NativeMethodAccessorImpl.invoke0(Native Method)
at java.base/jdk.internal.reflect.NativeMethodAccessorImpl.invoke(NativeMethodAccessorImpl.java:64)
at java.base/jdk.internal.reflect.DelegatingMethodAccessorImpl.invoke(DelegatingMethodAccessorImpl.java:43)
at java.base/java.lang.reflect.Method.invoke(Method.java:564)
at org.testng.internal.MethodInvocationHelper.invokeMethod(MethodInvocationHelper.java:134)
at org.testng.internal.MethodInvocationHelper.invokeMethodConsideringTimeout(MethodInvocationHelper.java:63)
at org.testng.internal.ConfigInvoker.invokeConfigurationMethod(ConfigInvoker.java:348)
at org.testng.internal.ConfigInvoker.invokeConfigurations(ConfigInvoker.java:302)
at org.testng.internal.TestMethodWorker.invokeBeforeClassMethods(TestMethodWorker.java:176)
at org.testng.internal.TestMethodWorker.run(TestMethodWorker.java:122)
at java.base/java.util.ArrayList.forEach(ArrayList.java:1511)
at org.testng.TestRunner.privateRun(TestRunner.java:766)
at org.testng.TestRunner.run(TestRunner.java:587)
at org.testng.SuiteRunner.runTest(SuiteRunner.java:384)
at org.testng.SuiteRunner.runSequentially(SuiteRunner.java:378)
at org.testng.SuiteRunner.privateRun(SuiteRunner.java:337)
at org.testng.SuiteRunner.run(SuiteRunner.java:286)
at org.testng.SuiteRunnerWorker.runSuite(SuiteRunnerWorker.java:53)
at org.testng.SuiteRunnerWorker.run(SuiteRunnerWorker.java:96)
at org.testng.TestNG.runSuitesSequentially(TestNG.java:1187)
at org.testng.TestNG.runSuitesLocally(TestNG.java:1109)
at org.testng.TestNG.runSuites(TestNG.java:1039)
at org.testng.TestNG.run(TestNG.java:1007)
at org.testng.remote.AbstractRemoteTestNG.run(AbstractRemoteTestNG.java:115)
at org.testng.remote.RemoteTestNG.initAndRun(RemoteTestNG.java:251)
at org.testng.remote.RemoteTestNG.main(RemoteTestNG.java:77)
]]>
    </error>
  </testcase> <!-- setup -->
  <system-out/>
  <testcase classname="com.ipclinical.testcases.PatientCaseTest" name="patientCase_TC1a_toValidateFields_page" time="0.000">
    <skipped/>
  </testcase> <!-- patientCase_TC1a_toValidateFields_page -->
  <system-out/>
  <testcase classname="com.ipclinical.testcases.PatientCaseTest" name="patientCase_TC1_toNavigatePatientCase" time="0.000">
    <skipped/>
  </testcase> <!-- patientCase_TC1_toNavigatePatientCase -->
  <system-out/>
  <testcase classname="com.ipclinical.testcases.PatientCaseTest" name="patientCase_TC2_clickBtnAddPatientCase_PatientCaseModelShouldBeDisplayed" time="0.000">
    <skipped/>
  </testcase> <!-- patientCase_TC2_clickBtnAddPatientCase_PatientCaseModelShouldBeDisplayed -->
  <system-out/>
  <testcase classname="com.ipclinical.testcases.PatientCaseTest" name="patientCase_TC3_8_9_toValidateFields_PatientCaseModel" time="0.000">
    <skipped/>
  </testcase> <!-- patientCase_TC3_8_9_toValidateFields_PatientCaseModel -->
  <system-out/>
  <testcase classname="com.ipclinical.testcases.PatientCaseTest" name="patientCase_TC3a_toValidateMandatoryFields_PatientCaseModel" time="0.000">
    <skipped/>
  </testcase> <!-- patientCase_TC3a_toValidateMandatoryFields_PatientCaseModel -->
  <system-out/>
  <testcase classname="com.ipclinical.testcases.PatientCaseTest" name="patientCase_TC5_clickBtnSaveSchudular_BtnSave_withoutPatienSelecting_AlertShouldBeDisplayed" time="0.000">
    <skipped/>
  </testcase> <!-- patientCase_TC5_clickBtnSaveSchudular_BtnSave_withoutPatienSelecting_AlertShouldBeDisplayed -->
  <system-out/>
  <testcase classname="com.ipclinical.testcases.PatientCaseTest" name="patientCase_TC4_clickBtnSelectPatient_PatientSearchModelShouldBeDisplayed" time="0.000">
    <skipped/>
  </testcase> <!-- patientCase_TC4_clickBtnSelectPatient_PatientSearchModelShouldBeDisplayed -->
  <system-out/>
  <testcase classname="com.ipclinical.testcases.PatientCaseTest" name="patientCase_TC4b_clickBtnSave_withoutPatienSelecting_AlertShouldBeDisplayed" time="0.001">
    <skipped/>
  </testcase> <!-- patientCase_TC4b_clickBtnSave_withoutPatienSelecting_AlertShouldBeDisplayed -->
  <system-out/>
  <testcase classname="com.ipclinical.testcases.PatientCaseTest" name="patientCase_TC4a_toValidateFields_SelectPatientModel" time="0.000">
    <skipped/>
  </testcase> <!-- patientCase_TC4a_toValidateFields_SelectPatientModel -->
  <system-out/>
  <testcase classname="com.ipclinical.testcases.PatientCaseTest" name="patientCase_TC4c_SelectingPatient_SearchResultShouldAppear_patientShouldBeSelected" time="0.000">
    <skipped/>
  </testcase> <!-- patientCase_TC4c_SelectingPatient_SearchResultShouldAppear_patientShouldBeSelected -->
  <system-out/>
  <testcase classname="com.ipclinical.testcases.PatientCaseTest" name="patientCase_TC6_clickSaveScheduler_withSelectingPatient_schedulerPageShouldBeDisplayed" time="0.000">
    <skipped/>
  </testcase> <!-- patientCase_TC6_clickSaveScheduler_withSelectingPatient_schedulerPageShouldBeDisplayed -->
  <system-out/>
  <testcase classname="com.ipclinical.testcases.PatientCaseTest" name="patientCase_TC7_TC10_clickSave_withSelectingPatient_patientCaseMainWindowShouldBeDisplayed_verifyAddedPatientCase" time="0.000">
    <skipped/>
  </testcase> <!-- patientCase_TC7_TC10_clickSave_withSelectingPatient_patientCaseMainWindowShouldBeDisplayed_verifyAddedPatientCase -->
  <system-out/>
  <testcase classname="com.ipclinical.testcases.PatientCaseTest" name="patientCase_TC11_selectTypeAsRefund_patientCaseShouldbeDisplayedIn_refundColumnInClinicalInbox_againstSelectedProvider" time="0.000">
    <skipped/>
  </testcase> <!-- patientCase_TC11_selectTypeAsRefund_patientCaseShouldbeDisplayedIn_refundColumnInClinicalInbox_againstSelectedProvider -->
  <system-out/>
  <testcase classname="com.ipclinical.testcases.PatientCaseTest" name="patientCase_TC12_toNavigateto_PatientChart_PatientCase" time="0.000">
    <skipped/>
  </testcase> <!-- patientCase_TC12_toNavigateto_PatientChart_PatientCase -->
  <system-out/>
  <testcase classname="com.ipclinical.testcases.PatientCaseTest" name="patientCase_fromPatientChart_TC13_clickBtnAdd_PatientCaseModelShouldBeDisplayed" time="0.000">
    <skipped/>
  </testcase> <!-- patientCase_fromPatientChart_TC13_clickBtnAdd_PatientCaseModelShouldBeDisplayed -->
  <system-out/>
  <testcase classname="com.ipclinical.testcases.PatientCaseTest" name="patientCase_TC15_toValidateMandatoryFields_PatientCaseModel_VerifyingDisabledButtons" time="0.000">
    <skipped/>
  </testcase> <!-- patientCase_TC15_toValidateMandatoryFields_PatientCaseModel_VerifyingDisabledButtons -->
  <system-out/>
  <testcase classname="com.ipclinical.testcases.PatientCaseTest" name="patientCase_patientChart_TC17_BtnSelectPatient_ShouldNotBeDisplayed" time="0.000">
    <skipped/>
  </testcase> <!-- patientCase_patientChart_TC17_BtnSelectPatient_ShouldNotBeDisplayed -->
  <system-out/>
  <testcase classname="com.ipclinical.testcases.PatientCaseTest" name="patientCase_patientChart_TC21_clickSaveAddOrders_referralModelShouldBeDisplayed" time="0.000">
    <skipped/>
  </testcase> <!-- patientCase_patientChart_TC21_clickSaveAddOrders_referralModelShouldBeDisplayed -->
  <system-out/>
  <testcase classname="com.ipclinical.testcases.PatientCaseTest" name="patientCase_patientChart_TC22_clickSave_patientCaseMainWindowShouldBeDisplayed_verifyAddedPatientCase" time="0.000">
    <skipped/>
  </testcase> <!-- patientCase_patientChart_TC22_clickSave_patientCaseMainWindowShouldBeDisplayed_verifyAddedPatientCase -->
  <system-out/>
  <testcase classname="com.ipclinical.testcases.PatientCaseTest" name="patientCase_patientChart_TC23_selectTypeAsRefund_patientCaseShouldbeDisplayedIn_refundColumnInClinicalInbox_againstSelectedProvider" time="0.000">
    <skipped/>
  </testcase> <!-- patientCase_patientChart_TC23_selectTypeAsRefund_patientCaseShouldbeDisplayedIn_refundColumnInClinicalInbox_againstSelectedProvider -->
  <system-out/>
  <testcase classname="com.ipclinical.testcases.PatientCaseTest" name="patientCase_TC14_toValidateFields_PatientCaseModel">
    <skipped/>
  </testcase> <!-- patientCase_TC14_toValidateFields_PatientCaseModel -->
  <system-out/>
</testsuite> <!-- com.ipclinical.testcases.PatientCaseTest -->
