<?xml version="1.0" encoding="UTF-8"?>
<!-- Generated by org.testng.reporters.JUnitReportReporter -->
<testsuite hostname="PEMRPK-NB1" failures="0" tests="21" name="com.ipclinical.testcases.PatientCaseTest" time="1.316" errors="1" timestamp="2022-12-29T09:07:37 EST" skipped="20">
  <testcase classname="com.ipclinical.testcases.PatientCaseTest" name="patientCase_TC1_toNavigatePatientCase" time="1.316">
    <error message="java.lang.reflect.InvocationTargetException
Build info: version: &#039;4.6.0&#039;, revision: &#039;79f1c02ae20&#039;
System info: os.name: &#039;Windows 10&#039;, os.arch: &#039;amd64&#039;, os.version: &#039;10.0&#039;, java.version: &#039;17.0.1&#039;
Driver info: org.openqa.selenium.chrome.ChromeDriver
Command: [9eeefd089f7c40c95f1d460d5e0f7f46, actions {actions=[org.openqa.selenium.interactions.Sequence@35f639fa]}]
Capabilities {acceptInsecureCerts: false, browserName: chrome, browserVersion: 108.0.5359.125, chrome: {chromedriverVersion: 108.0.5359.71 (1e0e3868ee06..., userDataDir: C:\Users\uali\AppData\Local...}, goog:chromeOptions: {debuggerAddress: localhost:55957}, networkConnectionEnabled: false, pageLoadStrategy: none, platformName: WINDOWS, proxy: Proxy(), se:cdp: ws://localhost:55957/devtoo..., se:cdpVersion: 108.0.5359.125, setWindowRect: true, strictFileInteractability: false, timeouts: {implicit: 0, pageLoad: 300000, script: 30000}, unhandledPromptBehavior: dismiss and notify, webauthn:extension:credBlob: true, webauthn:extension:largeBlob: true, webauthn:virtualAuthenticators: true}
Session ID: 9eeefd089f7c40c95f1d460d5e0f7f46" type="org.openqa.selenium.json.JsonException">
      <![CDATA[org.openqa.selenium.json.JsonException: java.lang.reflect.InvocationTargetException
Build info: version: '4.6.0', revision: '79f1c02ae20'
System info: os.name: 'Windows 10', os.arch: 'amd64', os.version: '10.0', java.version: '17.0.1'
Driver info: org.openqa.selenium.chrome.ChromeDriver
Command: [9eeefd089f7c40c95f1d460d5e0f7f46, actions {actions=[org.openqa.selenium.interactions.Sequence@35f639fa]}]
Capabilities {acceptInsecureCerts: false, browserName: chrome, browserVersion: 108.0.5359.125, chrome: {chromedriverVersion: 108.0.5359.71 (1e0e3868ee06..., userDataDir: C:\Users\uali\AppData\Local...}, goog:chromeOptions: {debuggerAddress: localhost:55957}, networkConnectionEnabled: false, pageLoadStrategy: none, platformName: WINDOWS, proxy: Proxy(), se:cdp: ws://localhost:55957/devtoo..., se:cdpVersion: 108.0.5359.125, setWindowRect: true, strictFileInteractability: false, timeouts: {implicit: 0, pageLoad: 300000, script: 30000}, unhandledPromptBehavior: dismiss and notify, webauthn:extension:credBlob: true, webauthn:extension:largeBlob: true, webauthn:virtualAuthenticators: true}
Session ID: 9eeefd089f7c40c95f1d460d5e0f7f46
at org.openqa.selenium.json.JsonOutput.convertUsingMethod(JsonOutput.java:362)
at org.openqa.selenium.json.JsonOutput.lambda$new$16(JsonOutput.java:154)
at org.openqa.selenium.json.JsonOutput.write(JsonOutput.java:287)
at org.openqa.selenium.json.JsonOutput.lambda$new$22(JsonOutput.java:169)
at java.base/java.util.stream.ForEachOps$ForEachOp$OfRef.accept(ForEachOps.java:183)
at java.base/java.util.stream.ReferencePipeline$2$1.accept(ReferencePipeline.java:179)
at java.base/java.util.Iterator.forEachRemaining(Iterator.java:133)
at java.base/java.util.Spliterators$IteratorSpliterator.forEachRemaining(Spliterators.java:1845)
at java.base/java.util.stream.AbstractPipeline.copyInto(AbstractPipeline.java:509)
at java.base/java.util.stream.AbstractPipeline.wrapAndCopyInto(AbstractPipeline.java:499)
at java.base/java.util.stream.ForEachOps$ForEachOp.evaluateSequential(ForEachOps.java:150)
at java.base/java.util.stream.ForEachOps$ForEachOp$OfRef.evaluateSequential(ForEachOps.java:173)
at java.base/java.util.stream.AbstractPipeline.evaluate(AbstractPipeline.java:234)
at java.base/java.util.stream.ReferencePipeline.forEach(ReferencePipeline.java:596)
at org.openqa.selenium.json.JsonOutput.lambda$new$23(JsonOutput.java:169)
at org.openqa.selenium.json.JsonOutput.write(JsonOutput.java:287)
at org.openqa.selenium.json.JsonOutput.lambda$new$24(JsonOutput.java:182)
at com.google.common.collect.SingletonImmutableBiMap.forEach(SingletonImmutableBiMap.java:68)
at org.openqa.selenium.json.JsonOutput.lambda$new$25(JsonOutput.java:177)
at org.openqa.selenium.json.JsonOutput.write(JsonOutput.java:287)
at org.openqa.selenium.json.JsonOutput.write(JsonOutput.java:278)
at org.openqa.selenium.json.Json.toJson(Json.java:42)
at org.openqa.selenium.remote.codec.AbstractHttpCommandCodec.encode(AbstractHttpCommandCodec.java:259)
at org.openqa.selenium.remote.codec.AbstractHttpCommandCodec.encode(AbstractHttpCommandCodec.java:122)
at org.openqa.selenium.remote.HttpCommandExecutor.execute(HttpCommandExecutor.java:172)
at org.openqa.selenium.remote.service.DriverCommandExecutor.invokeExecute(DriverCommandExecutor.java:167)
at org.openqa.selenium.remote.service.DriverCommandExecutor.execute(DriverCommandExecutor.java:142)
at org.openqa.selenium.remote.RemoteWebDriver.execute(RemoteWebDriver.java:541)
at org.openqa.selenium.remote.RemoteWebDriver.perform(RemoteWebDriver.java:609)
at org.openqa.selenium.interactions.Actions$BuiltAction.perform(Actions.java:567)
at com.ipclinical.actiondriver.Action.click(Action.java:57)
at com.ipclinical.pageobjects.LoginPage.login(LoginPage.java:52)
at com.ipclinical.testcases.PatientCaseTest.patientCase_TC1_toNavigatePatientCase(PatientCaseTest.java:67)
at java.base/jdk.internal.reflect.NativeMethodAccessorImpl.invoke0(Native Method)
at java.base/jdk.internal.reflect.NativeMethodAccessorImpl.invoke(NativeMethodAccessorImpl.java:77)
at java.base/jdk.internal.reflect.DelegatingMethodAccessorImpl.invoke(DelegatingMethodAccessorImpl.java:43)
at java.base/java.lang.reflect.Method.invoke(Method.java:568)
at org.testng.internal.MethodInvocationHelper.invokeMethod(MethodInvocationHelper.java:134)
at org.testng.internal.TestInvoker.invokeMethod(TestInvoker.java:597)
at org.testng.internal.TestInvoker.invokeTestMethod(TestInvoker.java:173)
at org.testng.internal.MethodRunner.runInSequence(MethodRunner.java:46)
at org.testng.internal.TestInvoker$MethodInvocationAgent.invoke(TestInvoker.java:816)
at org.testng.internal.TestInvoker.invokeTestMethods(TestInvoker.java:146)
at org.testng.internal.TestMethodWorker.invokeTestMethods(TestMethodWorker.java:146)
at org.testng.internal.TestMethodWorker.run(TestMethodWorker.java:128)
at java.base/java.util.ArrayList.forEach(ArrayList.java:1511)
at org.testng.TestRunner.privateRun(TestRunner.java:766)
at org.testng.TestRunner.run(TestRunner.java:587)
at org.testng.SuiteRunner.runTest(SuiteRunner.java:384)
at org.testng.SuiteRunner.runSequentially(SuiteRunner.java:378)
at org.testng.SuiteRunner.privateRun(SuiteRunner.java:337)
at org.testng.SuiteRunner.run(SuiteRunner.java:286)
at org.testng.SuiteRunnerWorker.runSuite(SuiteRunnerWorker.java:53)
at org.testng.SuiteRunnerWorker.run(SuiteRunnerWorker.java:96)
at org.testng.TestNG.runSuitesSequentially(TestNG.java:1187)
at org.testng.TestNG.runSuitesLocally(TestNG.java:1109)
at org.testng.TestNG.runSuites(TestNG.java:1039)
at org.testng.TestNG.run(TestNG.java:1007)
at org.testng.remote.AbstractRemoteTestNG.run(AbstractRemoteTestNG.java:115)
at org.testng.remote.RemoteTestNG.initAndRun(RemoteTestNG.java:251)
at org.testng.remote.RemoteTestNG.main(RemoteTestNG.java:77)
Suppressed: org.openqa.selenium.json.JsonException: Attempting to close incomplete json stream
Build info: version: '4.6.0', revision: '79f1c02ae20'
System info: os.name: 'Windows 10', os.arch: 'amd64', os.version: '10.0', java.version: '17.0.1'
Driver info: driver.version: RemoteWebDriver
at org.openqa.selenium.json.JsonOutput.close(JsonOutput.java:303)
at org.openqa.selenium.json.Json.toJson(Json.java:40)
... 39 more
Caused by: java.lang.reflect.InvocationTargetException
at java.base/jdk.internal.reflect.NativeMethodAccessorImpl.invoke0(Native Method)
at java.base/jdk.internal.reflect.NativeMethodAccessorImpl.invoke(NativeMethodAccessorImpl.java:77)
at java.base/jdk.internal.reflect.DelegatingMethodAccessorImpl.invoke(DelegatingMethodAccessorImpl.java:43)
at java.base/java.lang.reflect.Method.invoke(Method.java:568)
at org.openqa.selenium.json.JsonOutput.convertUsingMethod(JsonOutput.java:358)
... 60 more
Caused by: org.openqa.selenium.NoSuchElementException: no such element: Unable to locate element: {"method":"css selector","selector":"#btnsubmit"}
  (Session info: chrome=108.0.5359.125)
For documentation on this error, please visit: https://selenium.dev/exceptions/#no_such_element
Build info: version: '4.6.0', revision: '79f1c02ae20'
System info: os.name: 'Windows 10', os.arch: 'amd64', os.version: '10.0', java.version: '17.0.1'
Driver info: org.openqa.selenium.chrome.ChromeDriver
Command: [9eeefd089f7c40c95f1d460d5e0f7f46, findElement {using=id, value=btnsubmit}]
Capabilities {acceptInsecureCerts: false, browserName: chrome, browserVersion: 108.0.5359.125, chrome: {chromedriverVersion: 108.0.5359.71 (1e0e3868ee06..., userDataDir: C:\Users\uali\AppData\Local...}, goog:chromeOptions: {debuggerAddress: localhost:55957}, networkConnectionEnabled: false, pageLoadStrategy: none, platformName: WINDOWS, proxy: Proxy(), se:cdp: ws://localhost:55957/devtoo..., se:cdpVersion: 108.0.5359.125, setWindowRect: true, strictFileInteractability: false, timeouts: {implicit: 0, pageLoad: 300000, script: 30000}, unhandledPromptBehavior: dismiss and notify, webauthn:extension:credBlob: true, webauthn:extension:largeBlob: true, webauthn:virtualAuthenticators: true}
Session ID: 9eeefd089f7c40c95f1d460d5e0f7f46
at java.base/jdk.internal.reflect.NativeConstructorAccessorImpl.newInstance0(Native Method)
at java.base/jdk.internal.reflect.NativeConstructorAccessorImpl.newInstance(NativeConstructorAccessorImpl.java:77)
at java.base/jdk.internal.reflect.DelegatingConstructorAccessorImpl.newInstance(DelegatingConstructorAccessorImpl.java:45)
at java.base/java.lang.reflect.Constructor.newInstanceWithCaller(Constructor.java:499)
at java.base/java.lang.reflect.Constructor.newInstance(Constructor.java:480)
at org.openqa.selenium.remote.codec.w3c.W3CHttpResponseCodec.createException(W3CHttpResponseCodec.java:200)
at org.openqa.selenium.remote.codec.w3c.W3CHttpResponseCodec.decode(W3CHttpResponseCodec.java:133)
at org.openqa.selenium.remote.codec.w3c.W3CHttpResponseCodec.decode(W3CHttpResponseCodec.java:53)
at org.openqa.selenium.remote.HttpCommandExecutor.execute(HttpCommandExecutor.java:184)
at org.openqa.selenium.remote.service.DriverCommandExecutor.invokeExecute(DriverCommandExecutor.java:167)
at org.openqa.selenium.remote.service.DriverCommandExecutor.execute(DriverCommandExecutor.java:142)
at org.openqa.selenium.remote.RemoteWebDriver.execute(RemoteWebDriver.java:541)
at org.openqa.selenium.remote.ElementLocation$ElementFinder$2.findElement(ElementLocation.java:162)
at org.openqa.selenium.remote.ElementLocation.findElement(ElementLocation.java:60)
at org.openqa.selenium.remote.RemoteWebDriver.findElement(RemoteWebDriver.java:365)
at org.openqa.selenium.remote.RemoteWebDriver.findElement(RemoteWebDriver.java:357)
at org.openqa.selenium.support.pagefactory.DefaultElementLocator.findElement(DefaultElementLocator.java:70)
at org.openqa.selenium.support.pagefactory.internal.LocatingElementHandler.invoke(LocatingElementHandler.java:39)
at jdk.proxy2/jdk.proxy2.$Proxy20.getWrappedElement(Unknown Source)
at org.openqa.selenium.interactions.PointerInput$Origin.asArg(PointerInput.java:260)
at org.openqa.selenium.interactions.PointerInput$Move.encode(PointerInput.java:209)
at org.openqa.selenium.interactions.Sequence.encode(Sequence.java:73)
at org.openqa.selenium.interactions.Sequence.toJson(Sequence.java:82)
... 65 more
]]>
    </error>
  </testcase> <!-- patientCase_TC1_toNavigatePatientCase -->
  <system-out/>
  <testcase classname="com.ipclinical.testcases.PatientCaseTest" name="patientCase_TC12_toNavigateto_PatientChart_PatientCase" time="0.000">
    <skipped/>
  </testcase> <!-- patientCase_TC12_toNavigateto_PatientChart_PatientCase -->
  <system-out/>
  <testcase classname="com.ipclinical.testcases.PatientCaseTest" name="patientCase_patientChart_TC22_clickSave_withSelectingPatient_patientCaseMainWindowShouldBeDisplayed_verifyAddedPatientCase" time="0.000">
    <skipped/>
  </testcase> <!-- patientCase_patientChart_TC22_clickSave_withSelectingPatient_patientCaseMainWindowShouldBeDisplayed_verifyAddedPatientCase -->
  <system-out/>
  <testcase classname="com.ipclinical.testcases.PatientCaseTest" name="patientCase_TC7_TC10_clickSave_withSelectingPatient_patientCaseMainWindowShouldBeDisplayed_verifyAddedPatientCase">
    <skipped/>
  </testcase> <!-- patientCase_TC7_TC10_clickSave_withSelectingPatient_patientCaseMainWindowShouldBeDisplayed_verifyAddedPatientCase -->
  <system-out/>
  <testcase classname="com.ipclinical.testcases.PatientCaseTest" name="patientCase_TC3a_toValidateMandatoryFields_PatientCaseModel">
    <skipped/>
  </testcase> <!-- patientCase_TC3a_toValidateMandatoryFields_PatientCaseModel -->
  <system-out/>
  <testcase classname="com.ipclinical.testcases.PatientCaseTest" name="patientCase_TC3_8_9_toValidateFields_PatientCaseModel">
    <skipped/>
  </testcase> <!-- patientCase_TC3_8_9_toValidateFields_PatientCaseModel -->
  <system-out/>
  <testcase classname="com.ipclinical.testcases.PatientCaseTest" name="patientCase_TC5_clickBtnSaveSchudular_BtnSave_withoutPatienSelecting_AlertShouldBeDisplayed">
    <skipped/>
  </testcase> <!-- patientCase_TC5_clickBtnSaveSchudular_BtnSave_withoutPatienSelecting_AlertShouldBeDisplayed -->
  <system-out/>
  <testcase classname="com.ipclinical.testcases.PatientCaseTest" name="patientCase_patientChart_TC21_clickSaveAddOrders_referralModelShouldBeDisplayed">
    <skipped/>
  </testcase> <!-- patientCase_patientChart_TC21_clickSaveAddOrders_referralModelShouldBeDisplayed -->
  <system-out/>
  <testcase classname="com.ipclinical.testcases.PatientCaseTest" name="patientCase_TC4b_clickBtnSave_withoutPatienSelecting_AlertShouldBeDisplayed">
    <skipped/>
  </testcase> <!-- patientCase_TC4b_clickBtnSave_withoutPatienSelecting_AlertShouldBeDisplayed -->
  <system-out/>
  <testcase classname="com.ipclinical.testcases.PatientCaseTest" name="patientCase_TC4a_toValidateFields_SelectPatientModel">
    <skipped/>
  </testcase> <!-- patientCase_TC4a_toValidateFields_SelectPatientModel -->
  <system-out/>
  <testcase classname="com.ipclinical.testcases.PatientCaseTest" name="patientCase_TC14_toValidateFields_PatientCaseModel">
    <skipped/>
  </testcase> <!-- patientCase_TC14_toValidateFields_PatientCaseModel -->
  <system-out/>
  <testcase classname="com.ipclinical.testcases.PatientCaseTest" name="patientCase_TC15_toValidateMandatoryFields_PatientCaseModel_VerifyingDisabledButtons">
    <skipped/>
  </testcase> <!-- patientCase_TC15_toValidateMandatoryFields_PatientCaseModel_VerifyingDisabledButtons -->
  <system-out/>
  <testcase classname="com.ipclinical.testcases.PatientCaseTest" name="patientCase_TC1a_toValidateFields_page">
    <skipped/>
  </testcase> <!-- patientCase_TC1a_toValidateFields_page -->
  <system-out/>
  <testcase classname="com.ipclinical.testcases.PatientCaseTest" name="patientCase_TC6_clickSaveScheduler_withSelectingPatient_schedulerPageShouldBeDisplayed">
    <skipped/>
  </testcase> <!-- patientCase_TC6_clickSaveScheduler_withSelectingPatient_schedulerPageShouldBeDisplayed -->
  <system-out/>
  <testcase classname="com.ipclinical.testcases.PatientCaseTest" name="patientCase_TC2_clickBtnAddPatientCase_PatientCaseModelShouldBeDisplayed">
    <skipped/>
  </testcase> <!-- patientCase_TC2_clickBtnAddPatientCase_PatientCaseModelShouldBeDisplayed -->
  <system-out/>
  <testcase classname="com.ipclinical.testcases.PatientCaseTest" name="patientCase_fromPatientChart_TC13_clickBtnAdd_PatientCaseModelShouldBeDisplayed">
    <skipped/>
  </testcase> <!-- patientCase_fromPatientChart_TC13_clickBtnAdd_PatientCaseModelShouldBeDisplayed -->
  <system-out/>
  <testcase classname="com.ipclinical.testcases.PatientCaseTest" name="patientCase_TC11_selectTypeAsRefund_patientCaseShouldbeDisplayedIn_refundColumnInClinicalInbox_againstSelectedProvider">
    <skipped/>
  </testcase> <!-- patientCase_TC11_selectTypeAsRefund_patientCaseShouldbeDisplayedIn_refundColumnInClinicalInbox_againstSelectedProvider -->
  <system-out/>
  <testcase classname="com.ipclinical.testcases.PatientCaseTest" name="patientCase_TC4_clickBtnSelectPatient_PatientSearchModelShouldBeDisplayed">
    <skipped/>
  </testcase> <!-- patientCase_TC4_clickBtnSelectPatient_PatientSearchModelShouldBeDisplayed -->
  <system-out/>
  <testcase classname="com.ipclinical.testcases.PatientCaseTest" name="patientCase_patientChart_TC23_selectTypeAsRefund_patientCaseShouldbeDisplayedIn_refundColumnInClinicalInbox_againstSelectedProvider">
    <skipped/>
  </testcase> <!-- patientCase_patientChart_TC23_selectTypeAsRefund_patientCaseShouldbeDisplayedIn_refundColumnInClinicalInbox_againstSelectedProvider -->
  <system-out/>
  <testcase classname="com.ipclinical.testcases.PatientCaseTest" name="patientCase_patientChart_TC17_BtnSelectPatient_ShouldNotBeDisplayed">
    <skipped/>
  </testcase> <!-- patientCase_patientChart_TC17_BtnSelectPatient_ShouldNotBeDisplayed -->
  <system-out/>
  <testcase classname="com.ipclinical.testcases.PatientCaseTest" name="patientCase_TC4c_SelectingPatient_SearchResultShouldAppear_patientShouldBeSelected">
    <skipped/>
  </testcase> <!-- patientCase_TC4c_SelectingPatient_SearchResultShouldAppear_patientShouldBeSelected -->
  <system-out/>
</testsuite> <!-- com.ipclinical.testcases.PatientCaseTest -->
