<?xml version="1.0" encoding="UTF-8"?>
<!-- Generated by org.testng.reporters.JUnitReportReporter -->
<testsuite hostname="DESKTOP-9NDP6NK" failures="0" tests="4" name="com.ipclinical.testcases.PatientChartTest" time="140.314" errors="0" timestamp="2022-12-26T20:41:54 PKT" skipped="1">
  <testcase classname="com.ipclinical.testcases.PatientChartTest" name="patientCase_TC12_toNavigateto_PatientChart_PatientCase" time="53.814"/>
  <system-out/>
  <testcase classname="com.ipclinical.testcases.PatientChartTest" name="patientCase_TC13b_toValidateFields_PatientCaseModel" time="71.265"/>
  <system-out/>
  <testcase classname="com.ipclinical.testcases.PatientChartTest" name="patientCase_TC3a_toValidateMandatoryFields_PatientCaseModel" time="15.235"/>
  <system-out/>
  <testcase classname="com.ipclinical.testcases.PatientChartTest" name="patientCase_fromPatientChart_TC13_clickBtnAdd_PatientCaseModelShouldBeDisplayed">
    <skipped/>
  </testcase> <!-- patientCase_fromPatientChart_TC13_clickBtnAdd_PatientCaseModelShouldBeDisplayed -->
  <system-out/>
</testsuite> <!-- com.ipclinical.testcases.PatientChartTest -->
